<?xml version="1.0" encoding="UTF-8" standalone="no"?><testsuite errors="0" failures="3" name="Test Api" skipped="0" tests="3" time="5.46" timestamp="2022-07-07 01:03:26"><testcase name="Delete  Empleados"><failure message="&#13;&#10;Expected: &lt;200&gt;&#13;&#10;     but: was &lt;404&gt;" type="java.lang.AssertionError">&#13;
Expected: &lt;200&gt;&#13;
     but: was &lt;404&gt;</failure><system-err>&#13;
Expected: &lt;200&gt;&#13;
     but: was &lt;404&gt;&#13;
com.example.stepdefinition.GetObtenetEmpleadosStepDefinition.validoQueElCodigoDeStatusSea(GetObtenetEmpleadosStepDefinition.java:46)&#13;
✽.valido que el codigo de status sea 200(file:///C:/Users/USER-PC/Documents/automatizaciones/ProyectoBaseSerenityRestScreenplay/src/test/resources/feature/demmy_api.feature:34)&#13;
</system-err></testcase></testsuite>