<?xml version="1.0" encoding="UTF-8" standalone="no"?><testsuite errors="0" failures="6" name="Test Api" skipped="0" tests="8" time="12.26" timestamp="2022-07-08 10:57:21"><testcase name="Get Obtener Empleados"/><testcase name="Post Crear Empleados"><failure message="&#13;&#10;Expected: &lt;200&gt;&#13;&#10;     but: was &lt;429&gt;" type="java.lang.AssertionError">&#13;
Expected: &lt;200&gt;&#13;
     but: was &lt;429&gt;</failure><system-err>&#13;
Expected: &lt;200&gt;&#13;
     but: was &lt;429&gt;&#13;
com.example.stepdefinition.GetObtenetEmpleadosStepDefinition.validoQueElCodigoDeStatusSea(GetObtenetEmpleadosStepDefinition.java:46)&#13;
✽.valido que el codigo de status sea 200(file:///C:/Users/USER-PC/Documents/automatizaciones/ProyectoBaseSerenityRestScreenplay/src/test/resources/feature/demmy_api.feature:25)&#13;
</system-err></testcase><testcase name="Delete  Empleados"><failure message="&#13;&#10;Expected: &lt;200&gt;&#13;&#10;     but: was &lt;404&gt;" type="java.lang.AssertionError">&#13;
Expected: &lt;200&gt;&#13;
     but: was &lt;404&gt;</failure><system-err>&#13;
Expected: &lt;200&gt;&#13;
     but: was &lt;404&gt;&#13;
com.example.stepdefinition.GetObtenetEmpleadosStepDefinition.validoQueElCodigoDeStatusSea(GetObtenetEmpleadosStepDefinition.java:46)&#13;
✽.valido que el codigo de status sea 200(file:///C:/Users/USER-PC/Documents/automatizaciones/ProyectoBaseSerenityRestScreenplay/src/test/resources/feature/demmy_api.feature:37)&#13;
</system-err></testcase></testsuite>