<?xml version="1.0" encoding="UTF-8" standalone="no"?><testsuite errors="1" failures="1" name="Test Api" skipped="0" tests="3" time="6.43" timestamp="2022-07-07 12:56:45"><testcase name="Post Crear Empleados"><error type="net.serenitybdd.core.exceptions.UnrecognisedException"/><system-err>null&#13;
org.apache.groovy.parser.antlr4.AstBuilder.collectSyntaxError(AstBuilder.java:5059)&#13;
org.apache.groovy.parser.antlr4.AstBuilder.createParsingFailedException(AstBuilder.java:5038)&#13;
org.apache.groovy.parser.antlr4.AstBuilder.createParsingFailedException(AstBuilder.java:4995)&#13;
org.apache.groovy.parser.antlr4.AstBuilder.visitCommandArgument(AstBuilder.java:2655)&#13;
org.apache.groovy.parser.antlr4.AstBuilder.lambda$visitCommandExpression$30(AstBuilder.java:2599)&#13;
org.apache.groovy.parser.antlr4.AstBuilder.visitCommandExpression(AstBuilder.java:2595)&#13;
org.apache.groovy.parser.antlr4.AstBuilder.visitCommandExprAlt(AstBuilder.java:2533)&#13;
org.apache.groovy.parser.antlr4.AstBuilder.visitCommandExprAlt(AstBuilder.java:378)&#13;
groovyjarjarantlr4.v4.runtime.tree.AbstractParseTreeVisitor.visitChildren(AbstractParseTreeVisitor.java:48)&#13;
org.apache.groovy.parser.antlr4.GroovyParserBaseVisitor.visitExpressionStmtAlt(GroovyParserBaseVisitor.java:418)&#13;
groovyjarjarantlr4.v4.runtime.tree.AbstractParseTreeVisitor.visitChildren(AbstractParseTreeVisitor.java:48)&#13;
org.apache.groovy.parser.antlr4.GroovyParserBaseVisitor.visitScriptStatement(GroovyParserBaseVisitor.java:482)&#13;
groovyjarjarantlr4.v4.runtime.tree.AbstractParseTreeVisitor.visit(AbstractParseTreeVisitor.java:20)&#13;
org.apache.groovy.parser.antlr4.AstBuilder.visit(AstBuilder.java:4699)&#13;
org.apache.groovy.parser.antlr4.AstBuilder.lambda$visitScriptStatements$0(AstBuilder.java:523)&#13;
org.apache.groovy.parser.antlr4.AstBuilder.visitScriptStatements(AstBuilder.java:524)&#13;
org.apache.groovy.parser.antlr4.AstBuilder.visitCompilationUnit(AstBuilder.java:481)&#13;
org.apache.groovy.parser.antlr4.AstBuilder.visitCompilationUnit(AstBuilder.java:378)&#13;
groovyjarjarantlr4.v4.runtime.tree.AbstractParseTreeVisitor.visit(AbstractParseTreeVisitor.java:20)&#13;
org.apache.groovy.parser.antlr4.AstBuilder.visit(AstBuilder.java:4699)&#13;
org.apache.groovy.parser.antlr4.AstBuilder.buildAST(AstBuilder.java:471)&#13;
org.apache.groovy.parser.antlr4.Antlr4ParserPlugin.buildAST(Antlr4ParserPlugin.java:58)&#13;
groovy.lang.GroovyClassLoader.doParseClass(GroovyClassLoader.java:368)&#13;
groovy.lang.GroovyClassLoader.lambda$parseClass$2(GroovyClassLoader.java:311)&#13;
groovy.lang.GroovyClassLoader.parseClass(GroovyClassLoader.java:309)&#13;
groovy.lang.GroovyShell.parseClass(GroovyShell.java:543)&#13;
groovy.lang.GroovyShell.parse(GroovyShell.java:556)&#13;
groovy.lang.GroovyShell.parse(GroovyShell.java:568)&#13;
groovy.lang.GroovyShell.evaluate(GroovyShell.java:431)&#13;
groovy.lang.GroovyShell.evaluate(GroovyShell.java:466)&#13;
groovy.lang.GroovyShell.evaluate(GroovyShell.java:441)&#13;
io.restassured.internal.path.json.JSONAssertion.eval(JSONAssertion.groovy:80)&#13;
io.restassured.internal.path.json.JSONAssertion.this$2$eval(JSONAssertion.groovy)&#13;
io.restassured.internal.path.json.JSONAssertion.getAsJsonObject(JSONAssertion.groovy:46)&#13;
io.restassured.internal.path.json.JSONAssertion.getResult(JSONAssertion.groovy:28)&#13;
io.restassured.assertion.BodyMatcher.validate(BodyMatcher.groovy:94)&#13;
groovy.lang.MetaMethod.doMethodInvoke(MetaMethod.java:328)&#13;
groovy.lang.MetaClassImpl.invokeMethod(MetaClassImpl.java:1009)&#13;
groovy.lang.Closure.call(Closure.java:418)&#13;
groovy.lang.Closure.call(Closure.java:434)&#13;
io.restassured.assertion.BodyMatcherGroup.validate(BodyMatcherGroup.groovy:47)&#13;
io.restassured.internal.ResponseSpecificationImpl.validateResponseIfRequired(ResponseSpecificationImpl.groovy:687)&#13;
io.restassured.internal.ResponseSpecificationImpl.this$2$validateResponseIfRequired(ResponseSpecificationImpl.groovy)&#13;
io.restassured.internal.ResponseSpecificationImpl.body(ResponseSpecificationImpl.groovy:263)&#13;
io.restassured.internal.ResponseSpecificationImpl.body(ResponseSpecificationImpl.groovy:110)&#13;
io.restassured.internal.ValidatableResponseOptionsImpl.body(ValidatableResponseOptionsImpl.java:244)&#13;
com.example.stepdefinition.PostCrearEmpleadoStepDefinition.validoContenido(PostCrearEmpleadoStepDefinition.java:32)&#13;
io.cucumber.java.Invoker.doInvoke(Invoker.java:66)&#13;
io.cucumber.java.Invoker.invoke(Invoker.java:24)&#13;
io.cucumber.java.AbstractGlueDefinition.invokeMethod(AbstractGlueDefinition.java:47)&#13;
io.cucumber.java.JavaStepDefinition.execute(JavaStepDefinition.java:29)&#13;
io.cucumber.core.runner.CoreStepDefinition.execute(CoreStepDefinition.java:66)&#13;
io.cucumber.core.runner.PickleStepDefinitionMatch.runStep(PickleStepDefinitionMatch.java:63)&#13;
io.cucumber.core.runner.TestStep.executeStep(TestStep.java:86)&#13;
io.cucumber.core.runner.TestStep.run(TestStep.java:57)&#13;
io.cucumber.core.runner.PickleStepTestStep.run(PickleStepTestStep.java:51)&#13;
io.cucumber.core.runner.TestCase.run(TestCase.java:95)&#13;
io.cucumber.core.runner.Runner.runPickle(Runner.java:75)&#13;
io.cucumber.core.runtime.CucumberExecutionContext.lambda$runTestCase$3(CucumberExecutionContext.java:151)&#13;
io.cucumber.core.runtime.RethrowingThrowableCollector.executeAndThrow(RethrowingThrowableCollector.java:23)&#13;
io.cucumber.core.runtime.CucumberExecutionContext.runTestCase(CucumberExecutionContext.java:151)&#13;
io.cucumber.junit.FeatureRunner.runChild(FeatureRunner.java:144)&#13;
io.cucumber.junit.FeatureRunner.runChild(FeatureRunner.java:28)&#13;
io.cucumber.junit.FeatureRunner.run(FeatureRunner.java:137)&#13;
io.cucumber.junit.CucumberSerenityRunner.runChild(CucumberSerenityRunner.java:258)&#13;
io.cucumber.junit.CucumberSerenityRunner.runChild(CucumberSerenityRunner.java:58)&#13;
</system-err></testcase></testsuite>